app/build/intermediates/proguard/release/aapt_rules.txt
# view res/layout/activity_main.xml #generated:14
-keep class com.totrit.livemonitor.DecorationView { <init>(...); }

# view AndroidManifest.xml #generated:25
-keep class com.totrit.livemonitor.MainActivity { <init>(...); }

# view res/layout/activity_main.xml #generated:9
-keep class com.totrit.livemonitor.MainView { <init>(...); }

# view AndroidManifest.xml #generated:42
-keep class com.totrit.livemonitor.VideoListActivity { <init>(...); }

# view res/layout/activity_video_list.xml #generated:7
# view res/layout/video_list_view.xml #generated:2
-keep class com.totrit.livemonitor.VideoListView { <init>(...); }

# view AndroidManifest.xml #generated:38
-keep class com.totrit.livemonitor.core.ProcessService { <init>(...); }
