app/build/outputs/proguard/release/seeds.txt
com.totrit.livemonitor.DecorationView
com.totrit.livemonitor.DecorationView: DecorationView(android.content.Context)
com.totrit.livemonitor.DecorationView: DecorationView(android.content.Context,android.util.AttributeSet)
com.totrit.livemonitor.DecorationView: DecorationView(android.content.Context,android.util.AttributeSet,int)
com.totrit.livemonitor.DecorationView: void setAdditionalDrawingRect(android.graphics.Rect)
com.totrit.livemonitor.MainActivity
com.totrit.livemonitor.MainActivity: MainActivity()
com.totrit.livemonitor.MainView
com.totrit.livemonitor.MainView: MainView(android.content.Context)
com.totrit.livemonitor.MainView: MainView(android.content.Context,android.util.AttributeSet)
com.totrit.livemonitor.MainView: MainView(android.content.Context,android.util.AttributeSet,int)
com.totrit.livemonitor.R$color: int black_overlay
com.totrit.livemonitor.R$color: int hint_color_not_recording
com.totrit.livemonitor.R$color: int hint_color_recording
com.totrit.livemonitor.R$dimen: int activity_horizontal_margin
com.totrit.livemonitor.R$dimen: int activity_vertical_margin
com.totrit.livemonitor.R$drawable: int ic_launcher
com.totrit.livemonitor.R$id: int action_settings
com.totrit.livemonitor.R$id: int btnRecord
com.totrit.livemonitor.R$id: int decorationView
com.totrit.livemonitor.R$id: int mainView
com.totrit.livemonitor.R$id: int menu_item_video_list
com.totrit.livemonitor.R$id: int progress_bar
com.totrit.livemonitor.R$id: int rowContentDate
com.totrit.livemonitor.R$id: int rowContentIcon
com.totrit.livemonitor.R$id: int rowContentSize
com.totrit.livemonitor.R$id: int rowContentTxtTitle
com.totrit.livemonitor.R$id: int top_layout
com.totrit.livemonitor.R$id: int videoListView
com.totrit.livemonitor.R$layout: int activity_main
com.totrit.livemonitor.R$layout: int activity_video_list
com.totrit.livemonitor.R$layout: int option_menu
com.totrit.livemonitor.R$layout: int video_list_row
com.totrit.livemonitor.R$layout: int video_list_view
com.totrit.livemonitor.R$menu: int main_options
com.totrit.livemonitor.R$string: int action_settings
com.totrit.livemonitor.R$string: int app_name
com.totrit.livemonitor.R$string: int btn_record_off_text
com.totrit.livemonitor.R$string: int btn_record_on_text
com.totrit.livemonitor.R$string: int dummy_button
com.totrit.livemonitor.R$string: int dummy_content
com.totrit.livemonitor.R$string: int hello_world
com.totrit.livemonitor.R$string: int open_video_list
com.totrit.livemonitor.R$string: int tip_no_rotation_when_recording
com.totrit.livemonitor.R$string: int title_activity_video_list
com.totrit.livemonitor.R$string: int video_list_row_image_desc
com.totrit.livemonitor.R$string: int videos_save_dir
com.totrit.livemonitor.R$style: int AppBaseTheme
com.totrit.livemonitor.R$style: int AppTheme
com.totrit.livemonitor.R$style: int ButtonBar
com.totrit.livemonitor.R$style: int ButtonBarButton
com.totrit.livemonitor.R$style: int FullscreenActionBarStyle
com.totrit.livemonitor.R$style: int FullscreenTheme
com.totrit.livemonitor.VideoListActivity
com.totrit.livemonitor.VideoListActivity: VideoListActivity()
com.totrit.livemonitor.VideoListView
com.totrit.livemonitor.VideoListView: VideoListView(android.content.Context,android.util.AttributeSet)
com.totrit.livemonitor.VideoListView: VideoListView(android.content.Context)
com.totrit.livemonitor.VideoListView: android.widget.ProgressBar getProgressBar()
com.totrit.livemonitor.core.ProcessService
com.totrit.livemonitor.core.ProcessService: ProcessService()
com.totrit.livemonitor.util.ImageComparor
com.totrit.livemonitor.util.ImageComparor: int nativeConvertYUVImageToLocalImage(byte[],int,int,int)
com.totrit.livemonitor.util.ImageComparor: boolean nativeReleaseLocalImage(int)
com.totrit.livemonitor.util.ImageComparor: int[] nativeDetectMotion(int,int,int,int)
...
org.opencv.gpu.TargetArchs
org.opencv.gpu.TargetArchs: boolean builtWith_0(int)
org.opencv.gpu.TargetArchs: boolean has_0(int,int)
org.opencv.gpu.TargetArchs: boolean hasBin_0(int,int)
org.opencv.gpu.TargetArchs: boolean hasEqualOrGreater_0(int,int)
org.opencv.gpu.TargetArchs: boolean hasEqualOrGreaterBin_0(int,int)
org.opencv.gpu.TargetArchs: boolean hasEqualOrGreaterPtx_0(int,int)
org.opencv.gpu.TargetArchs: boolean hasEqualOrLessPtx_0(int,int)
org.opencv.gpu.TargetArchs: boolean hasPtx_0(int,int)
org.opencv.gpu.TargetArchs: void delete(long)
org.opencv.highgui.Highgui
org.opencv.highgui.Highgui: long imdecode_0(long,int)
org.opencv.highgui.Highgui: boolean imencode_0(java.lang.String,long,long,long)
org.opencv.highgui.Highgui: boolean imencode_1(java.lang.String,long,long)
org.opencv.highgui.Highgui: long imread_0(java.lang.String,int)
org.opencv.highgui.Highgui: long imread_1(java.lang.String)
org.opencv.highgui.Highgui: boolean imwrite_0(java.lang.String,long,long)
org.opencv.highgui.Highgui: boolean imwrite_1(java.lang.String,long)
org.opencv.highgui.VideoCapture
org.opencv.highgui.VideoCapture: long n_VideoCapture()
org.opencv.highgui.VideoCapture: long n_VideoCapture(java.lang.String)
org.opencv.highgui.VideoCapture: long n_VideoCapture(int)
org.opencv.highgui.VideoCapture: double n_get(long,int)
org.opencv.highgui.VideoCapture: boolean n_grab(long)
org.opencv.highgui.VideoCapture: boolean n_isOpened(long)
org.opencv.highgui.VideoCapture: boolean n_open(long,java.lang.String)
org.opencv.highgui.VideoCapture: boolean n_open(long,int)
org.opencv.highgui.VideoCapture: boolean n_read(long,long)
org.opencv.highgui.VideoCapture: void n_release(long)
org.opencv.highgui.VideoCapture: boolean n_retrieve(long,long,int)
org.opencv.highgui.VideoCapture: boolean n_retrieve(long,long)
org.opencv.highgui.VideoCapture: boolean n_set(long,int,double)
org.opencv.highgui.VideoCapture: java.lang.String n_getSupportedPreviewSizes(long)
org.opencv.highgui.VideoCapture: void n_delete(long)
org.opencv.imgproc.CLAHE
org.opencv.imgproc.CLAHE: void apply_0(long,long,long)
org.opencv.imgproc.CLAHE: void setClipLimit_0(long,double)
org.opencv.imgproc.CLAHE: void setTilesGridSize_0(long,double,double)
org.opencv.imgproc.CLAHE: void delete(long)
org.opencv.imgproc.Imgproc
org.opencv.imgproc.Imgproc: void Canny_0(long,long,double,double,int,boolean)
org.opencv.imgproc.Imgproc: void Canny_1(long,long,double,double)
org.opencv.imgproc.Imgproc: void GaussianBlur_0(long,long,double,double,double,double,int)
org.opencv.imgproc.Imgproc: void GaussianBlur_1(long,long,double,double,double,double)
org.opencv.imgproc.Imgproc: void GaussianBlur_2(long,long,double,double,double)
org.opencv.imgproc.Imgproc: void HoughCircles_0(long,long,int,double,double,double,double,int,int)
org.opencv.imgproc.Imgproc: void HoughCircles_1(long,long,int,double,double)
org.opencv.imgproc.Imgproc: void HoughLines_0(long,long,double,double,int,double,double)
org.opencv.imgproc.Imgproc: void HoughLines_1(long,long,double,double,int)
org.opencv.imgproc.Imgproc: void HoughLinesP_0(long,long,double,double,int,double,double)
org.opencv.imgproc.Imgproc: void HoughLinesP_1(long,long,double,double,int)
org.opencv.imgproc.Imgproc: void HuMoments_0(long,long)
org.opencv.imgproc.Imgproc: void Laplacian_0(long,long,int,int,double,double,int)
org.opencv.imgproc.Imgproc: void Laplacian_1(long,long,int,int,double,double)
org.opencv.imgproc.Imgproc: void Laplacian_2(long,long,int)
org.opencv.imgproc.Imgproc: double PSNR_0(long,long)
org.opencv.imgproc.Imgproc: void Scharr_0(long,long,int,int,int,double,double,int)
org.opencv.imgproc.Imgproc: void Scharr_1(long,long,int,int,int,double,double)