app/build/outputs/proguard/release/mapping.txt
com.totrit.livemonitor.DecorationView -> com.totrit.livemonitor.DecorationView:
    int mAttachedCameraId -> a
    com.totrit.livemonitor.DecorationView$RectDrawer mDrawer -> b
    android.os.Handler mInternalHandler -> c
    void onDraw(android.graphics.Canvas) -> onDraw
    void setAdditionalDrawingRect(android.graphics.Rect) -> setAdditionalDrawingRect
    com.totrit.livemonitor.DecorationView$RectDrawer access$000(com.totrit.livemonitor.DecorationView) -> a
    android.os.Handler access$100(com.totrit.livemonitor.DecorationView) -> b
com.totrit.livemonitor.DecorationView$1 -> com.totrit.livemonitor.a:
    com.totrit.livemonitor.DecorationView this$0 -> a
    void handleMessage(android.os.Message) -> handleMessage
com.totrit.livemonitor.DecorationView$RectDrawer -> com.totrit.livemonitor.b:
    android.graphics.Rect mAdditionalRectToDraw -> b
    android.graphics.Paint mPaint -> c
    android.graphics.Matrix mMatrix -> d
    com.totrit.livemonitor.DecorationView this$0 -> a
    void setRect(android.graphics.Rect) -> a
    void draw(android.graphics.Canvas) -> a
com.totrit.livemonitor.MainActivity -> com.totrit.livemonitor.MainActivity:
    com.totrit.livemonitor.MainView mSurfaceView -> c
    com.totrit.livemonitor.DecorationView mDecorationView -> d
    com.totrit.livemonitor.MainActivity$ServiceMessenger mMessenger -> a
    com.totrit.livemonitor.MainActivity$ControlsGroup mUIControlls -> e
    android.os.Handler mPrimeHandler -> b
    void onCreate(android.os.Bundle) -> onCreate
    boolean onCreateOptionsMenu(android.view.Menu) -> onCreateOptionsMenu
    boolean onOptionsItemSelected(android.view.MenuItem) -> onOptionsItemSelected
    void onDestroy() -> onDestroy
    void onConfigurationChanged(android.content.res.Configuration) -> onConfigurationChanged
    void setRotationEnabled(boolean) -> a
    void access$300(com.totrit.livemonitor.MainActivity,boolean) -> a
    com.totrit.livemonitor.DecorationView access$400(com.totrit.livemonitor.MainActivity) -> a
com.totrit.livemonitor.MainActivity$1 -> com.totrit.livemonitor.c:
    com.totrit.livemonitor.MainActivity this$0 -> a
    void handleMessage(android.os.Message) -> handleMessage
com.totrit.livemonitor.MainActivity$ControlsGroup -> com.totrit.livemonitor.d:
    android.widget.Button mBtnRecord -> b
    boolean mBtnRecordState -> c
    com.totrit.livemonitor.MainActivity this$0 -> a
    boolean access$100(com.totrit.livemonitor.MainActivity$ControlsGroup) -> a
    android.widget.Button access$200(com.totrit.livemonitor.MainActivity$ControlsGroup) -> b
    boolean access$102(com.totrit.livemonitor.MainActivity$ControlsGroup,boolean) -> a
com.totrit.livemonitor.MainActivity$ControlsGroup$1 -> com.totrit.livemonitor.e:
    com.totrit.livemonitor.MainActivity val$this$0 -> a
    com.totrit.livemonitor.MainActivity$ControlsGroup this$1 -> b
    void onClick(android.view.View) -> onClick
com.totrit.livemonitor.MainActivity$ServiceMessenger -> com.totrit.livemonitor.f:
    android.os.Messenger mMessengerFromActivityToService -> b
    android.os.Messenger mMessengerFromServiceToActivity -> c
    android.content.ServiceConnection mServiceConnection -> d
    com.totrit.livemonitor.MainActivity this$0 -> a
    boolean sendMessage(android.os.Message) -> a
    boolean doBindService() -> b
    void releaseConnection() -> a
    android.os.Messenger access$002(com.totrit.livemonitor.MainActivity$ServiceMessenger,android.os.Messenger) -> a
com.totrit.livemonitor.MainActivity$ServiceMessenger$1 -> com.totrit.livemonitor.g:
    com.totrit.livemonitor.MainActivity$ServiceMessenger this$1 -> a
    void onServiceConnected(android.content.ComponentName,android.os.IBinder) -> onServiceConnected
    void onServiceDisconnected(android.content.ComponentName) -> onServiceDisconnected
...
android.support.v4.view.ViewCompatHC -> android.support.v4.view.aj:
    long getFrameTime() -> a
    void setLayerType(android.view.View,int,android.graphics.Paint) -> a
    int getLayerType(android.view.View) -> a
android.support.v4.view.ViewCompatICS -> android.support.v4.view.ak:
    boolean canScrollHorizontally(android.view.View,int) -> a
android.support.v4.view.ViewCompatJB -> android.support.v4.view.al:
    void postInvalidateOnAnimation(android.view.View) -> a
    void postInvalidateOnAnimation(android.view.View,int,int,int,int) -> a
    void postOnAnimation(android.view.View,java.lang.Runnable) -> a
android.support.v4.view.ViewCompatJellybeanMr1 -> android.support.v4.view.am:
    void setLayerPaint(android.view.View,android.graphics.Paint) -> a
    int getLayoutDirection(android.view.View) -> a
android.support.v4.view.ViewPager -> android.support.v4.view.ViewPager:
    int[] LAYOUT_ATTRS -> a
    int mExpectedAdapterCount -> b
    java.util.Comparator COMPARATOR -> c
    android.view.animation.Interpolator sInterpolator -> d
    java.util.ArrayList mItems -> e
    android.support.v4.view.ViewPager$ItemInfo mTempItem -> f
    android.graphics.Rect mTempRect -> g
    android.support.v4.view.PagerAdapter mAdapter -> h
    int mCurItem -> i
    int mRestoredCurItem -> j
    android.os.Parcelable mRestoredAdapterState -> k
    java.lang.ClassLoader mRestoredClassLoader -> l
    android.widget.Scroller mScroller -> m
    android.support.v4.view.ViewPager$PagerObserver mObserver -> n
    int mPageMargin -> o
    android.graphics.drawable.Drawable mMarginDrawable -> p
    int mTopPageBounds -> q
    int mBottomPageBounds -> r
    float mFirstOffset -> s
    float mLastOffset -> t
    int mChildWidthMeasureSpec -> u
    int mChildHeightMeasureSpec -> v
    boolean mInLayout -> w
    boolean mScrollingCacheEnabled -> x
    boolean mPopulatePending -> y
    int mOffscreenPageLimit -> z
    boolean mIsBeingDragged -> A
    boolean mIsUnableToDrag -> B
    int mDefaultGutterSize -> C
    int mGutterSize -> D
    int mTouchSlop -> E
    float mLastMotionX -> F
    float mLastMotionY -> G
    float mInitialMotionX -> H
    float mInitialMotionY -> I
    int mActivePointerId -> J
    android.view.VelocityTracker mVelocityTracker -> K
android.support.v4.view.ViewPager$1 -> android.support.v4.view.an:
    int compare(android.support.v4.view.ViewPager$ItemInfo,android.support.v4.view.ViewPager$ItemInfo) -> a
    int compare(java.lang.Object,java.lang.Object) -> compare
android.support.v4.view.ViewPager$2 -> android.support.v4.view.ao:
    float getInterpolation(float) -> getInterpolation
android.support.v4.view.ViewPager$Decor -> android.support.v4.view.ap:
android.support.v4.view.ViewPager$ItemInfo -> android.support.v4.view.aq:
    java.lang.Object object -> a
    int position -> b
    boolean scrolling -> c
    float widthFactor -> d
    float offset -> e
android.support.v4.view.ViewPager$LayoutParams -> android.support.v4.view.ar:
    boolean isDecor -> a
    int gravity -> b
    float widthFactor -> c
    boolean needsMeasure -> d
    int position -> e
    int childIndex -> f
android.support.v4.view.ViewPager$OnAdapterChangeListener -> android.support.v4.view.as:
    void onAdapterChanged(android.support.v4.view.PagerAdapter,android.support.v4.view.PagerAdapter) -> a
android.support.v4.view.ViewPager$OnPageChangeListener -> android.support.v4.view.at:
    void onPageScrolled(int,float,int) -> a
    void onPageSelected(int) -> a
    void onPageScrollStateChanged(int) -> b
android.support.v4.view.ViewPager$PageTransformer -> android.support.v4.view.au:
    void transformPage(android.view.View,float) -> a
android.support.v4.view.ViewPager$PagerObserver -> android.support.v4.view.av:
    android.support.v4.view.ViewPager this$0 -> a
    void onChanged() -> onChanged
    void onInvalidated() -> onInvalidated