app/build/outputs/proguard/release/usage.txt
com.totrit.livemonitor.BuildConfig
com.totrit.livemonitor.DecorationView:
    private static final java.lang.String LOG_TAG
    private static final int MSG_AUTO_CLEAR_RECT
    private static final int TIME_MILLIS_THEN_CLEAR_RECT
com.totrit.livemonitor.MainActivity:
    private static final java.lang.String LOG_TAG
com.totrit.livemonitor.MainActivity$ServiceMessenger:
    129:137:public boolean sendMessage(int)
com.totrit.livemonitor.MainView:
    private static final java.lang.String LOG_TAG
com.totrit.livemonitor.R
com.totrit.livemonitor.R$attr
com.totrit.livemonitor.R$color
com.totrit.livemonitor.R$dimen
com.totrit.livemonitor.R$drawable
com.totrit.livemonitor.R$id
com.totrit.livemonitor.R$layout
com.totrit.livemonitor.R$menu
com.totrit.livemonitor.R$string
com.totrit.livemonitor.R$style
com.totrit.livemonitor.VideoListView:
    private static final java.lang.String TAG
    45:46:public void destroy()
com.totrit.livemonitor.core.CloudSyncer
com.totrit.livemonitor.core.MotionDetector:
    private static final java.lang.String LOG_TAG
    private static final int INVALID_IMAGE_HANDLE
    private static final int sPreviewBufferNum
    private static final int sPreviewBufferSize
    152:156:private boolean saveBitmapToDisk(android.graphics.Bitmap,java.lang.String)
com.totrit.livemonitor.core.MotionDetector$PrivateHandler:
    private static final int MSG_CAPTURE_DONE
com.totrit.livemonitor.core.ProcessService:
    private static final java.lang.String LOG_TAG
    private static final int MSG_BASE_FROM_ACTIVITY
    public static final int MSG_START_OBSERVE_PREVIEW
    public static final int MSG_START_RECORD
    public static final int MSG_STOP_RECORD
    public static final int MSG_RELEASE_ALL
    private static final int MSG_BASE_TO_ACTIVITY
    public static final int MSG_SHOW_MOTION_RECT
    private static final int MSG_BASE_CORE
    public static final int MSG_MOTION_DETECTED
com.totrit.livemonitor.core.VideoRecorder:
    private static final java.lang.String LOG_TAG
com.totrit.livemonitor.core.VideoRecorder$PrivateHandler:
    private static final int MSG_DELAYED_PAUSE_IF_NO_PREVIEW_CHANGE
    private static final int PAUSE_AFTER_NO_PREVIEW_CHANGE
com.totrit.livemonitor.util.CameraManager:
    private static final java.lang.String LOG_TAG
    private static final int mCameraQuality
com.totrit.livemonitor.util.Controller:
    private static final boolean mLogEnabled
    3:3:public Controller()
com.totrit.livemonitor.util.ImageComparor:
    private static final java.lang.String LOG_TAG
com.totrit.livemonitor.util.Utilities:
    12:12:public Utilities()
...
android.support.v4.app.ShareCompat$ShareCompatImplJB
android.support.v4.app.ShareCompatICS
android.support.v4.app.ShareCompatJB
android.support.v4.app.TaskStackBuilder
android.support.v4.app.TaskStackBuilder$SupportParentable
android.support.v4.app.TaskStackBuilder$TaskStackBuilderImpl
android.support.v4.app.TaskStackBuilder$TaskStackBuilderImplBase
android.support.v4.app.TaskStackBuilder$TaskStackBuilderImplHoneycomb
android.support.v4.app.TaskStackBuilder$TaskStackBuilderImplJellybean
android.support.v4.app.TaskStackBuilderHoneycomb
android.support.v4.app.TaskStackBuilderJellybean
android.support.v4.content.AsyncTaskLoader
android.support.v4.content.AsyncTaskLoader$LoadTask
android.support.v4.content.ContextCompat
android.support.v4.content.ContextCompatFroyo
android.support.v4.content.ContextCompatHoneycomb
android.support.v4.content.ContextCompatJellybean
android.support.v4.content.ContextCompatKitKat
android.support.v4.content.CursorLoader
android.support.v4.content.FileProvider
android.support.v4.content.FileProvider$PathStrategy
android.support.v4.content.FileProvider$SimplePathStrategy
android.support.v4.content.IntentCompat
android.support.v4.content.IntentCompat$IntentCompatImpl
android.support.v4.content.IntentCompat$IntentCompatImplBase
android.support.v4.content.IntentCompat$IntentCompatImplHC
android.support.v4.content.IntentCompat$IntentCompatImplIcsMr1
android.support.v4.content.IntentCompatHoneycomb
android.support.v4.content.IntentCompatIcsMr1
android.support.v4.content.Loader:
    android.content.Context mContext
    38:93:public Loader(android.content.Context)
    103:106:public void deliverResult(java.lang.Object)
    112:112:public android.content.Context getContext()
    119:119:public int getId()
    158:158:public boolean isStarted()
    167:167:public boolean isAbandoned()
    176:176:public boolean isReset()
    218:219:public void forceLoad()
    226:226:protected void onForceLoad()
    262:264:public void abandon()
    276:276:protected void onAbandon()
    314:317:public boolean takeContentChanged()
    328:329:public void commitContentChanged()
    339:342:public void rollbackContentChanged()
    353:361:public void onContentChanged()
android.support.v4.content.Loader$ForceLoadContentObserver
android.support.v4.content.Loader$OnLoadCompleteListener:
    public abstract void onLoadComplete(android.support.v4.content.Loader,java.lang.Object)
android.support.v4.content.LocalBroadcastManager
android.support.v4.content.LocalBroadcastManager$1
android.support.v4.content.LocalBroadcastManager$BroadcastRecord
android.support.v4.content.LocalBroadcastManager$ReceiverRecord
android.support.v4.content.ModernAsyncTask
android.support.v4.content.ModernAsyncTask$1
android.support.v4.content.ModernAsyncTask$2
android.support.v4.content.ModernAsyncTask$3
android.support.v4.content.ModernAsyncTask$4
android.support.v4.content.ModernAsyncTask$AsyncTaskResult
android.support.v4.content.ModernAsyncTask$InternalHandler
android.support.v4.content.ModernAsyncTask$Status
android.support.v4.content.ModernAsyncTask$WorkerRunnable
android.support.v4.content.WakefulBroadcastReceiver
android.support.v4.content.pm.ActivityInfoCompat
android.support.v4.database.DatabaseUtilsCompat
android.support.v4.graphics.drawable.DrawableCompat
android.support.v4.graphics.drawable.DrawableCompat$BaseDrawableImpl
android.support.v4.graphics.drawable.DrawableCompat$DrawableImpl
android.support.v4.graphics.drawable.DrawableCompat$HoneycombDrawableImpl
android.support.v4.graphics.drawable.DrawableCompat$KitKatDrawableImpl
android.support.v4.graphics.drawable.DrawableCompatHoneycomb
android.support.v4.graphics.drawable.DrawableCompatKitKat
android.support.v4.hardware.display.DisplayManagerCompat
android.support.v4.hardware.display.DisplayManagerCompat$JellybeanMr1Impl
android.support.v4.hardware.display.DisplayManagerCompat$LegacyImpl